Compiling the C compiler identification source file "CMakeCCompilerId.c" failed.
Compiler: C:/Program Files (x86)/Microsoft Visual Studio/2019/Community/VC/Tools/MSVC/14.21.27702/bin/Hostx86/x86/cl.exe 
Build flags: 
Id flags:  

The output was:
2
Microsoft (R) C/C++ Optimizing Compiler Version 19.21.27702.2 for x86
Copyright (C) Microsoft Corporation.  All rights reserved.

CMakeCCompilerId.c
Microsoft (R) Incremental Linker Version 14.21.27702.2
Copyright (C) Microsoft Corporation.  All rights reserved.

/out:CMakeCCompilerId.exe 
CMakeCCompilerId.obj 
LINK : fatal error LNK1104: cannot open file 'kernel32.lib'


Compiling the CXX compiler identification source file "CMakeCXXCompilerId.cpp" failed.
Compiler: C:/Program Files (x86)/Microsoft Visual Studio/2019/Community/VC/Tools/MSVC/14.21.27702/bin/Hostx86/x86/cl.exe 
Build flags: 
Id flags:  

The output was:
2
Microsoft (R) C/C++ Optimizing Compiler Version 19.21.27702.2 for x86
Copyright (C) Microsoft Corporation.  All rights reserved.

CMakeCXXCompilerId.cpp
Microsoft (R) Incremental Linker Version 14.21.27702.2
Copyright (C) Microsoft Corporation.  All rights reserved.

/out:CMakeCXXCompilerId.exe 
CMakeCXXCompilerId.obj 
LINK : fatal error LNK1104: cannot open file 'kernel32.lib'


Determining if the C compiler works failed with the following output:
Change Dir: C:/Users/Michael/Documents/CS 130/proj-rt-files.tar/proj-rt-files/proj-rt/proj-rt-files/cmake-build-debug/CMakeFiles/CMakeTmp

Run Build Command(s):nmake /nologo cmTC_671bd\fast && 	"C:\Program Files (x86)\Microsoft Visual Studio\2019\Community\VC\Tools\MSVC\14.21.27702\bin\HostX86\x86\nmake.exe" -f CMakeFiles\cmTC_671bd.dir\build.make /nologo -L                  CMakeFiles\cmTC_671bd.dir\build
Building C object CMakeFiles/cmTC_671bd.dir/testCCompiler.c.obj
	"C:\PROGRA~2\Microsoft Visual Studio\2019\Community\VC\Tools\MSVC\14.21.27702\bin\Hostx86\x86\cl.exe" @C:\Users\Michael\AppData\Local\Temp\nm65D9.tmp
testCCompiler.c
Linking C executable cmTC_671bd.exe
	C:\Users\Michael\Downloads\CLion-2019.3.2.win\bin\cmake\win\bin\cmake.exe -E vs_link_exe --intdir=CMakeFiles\cmTC_671bd.dir --rc=rc --mt=CMAKE_MT-NOTFOUND --manifests  -- "C:\PROGRA~2\Microsoft Visual Studio\2019\Community\VC\Tools\MSVC\14.21.27702\bin\Hostx86\x86\link.exe" /nologo @CMakeFiles\cmTC_671bd.dir\objects1.rsp @C:\Users\Michael\AppData\Local\Temp\nm6731.tmp
RC Pass 1: command "rc /fo CMakeFiles\cmTC_671bd.dir/manifest.res CMakeFiles\cmTC_671bd.dir/manifest.rc" failed (exit code 0) with the following output:
The system cannot find the file specifiedNMAKE : fatal error U1077: 'C:\Users\Michael\Downloads\CLion-2019.3.2.win\bin\cmake\win\bin\cmake.exe' : return code '0xffffffff'
Stop.
NMAKE : fatal error U1077: '"C:\Program Files (x86)\Microsoft Visual Studio\2019\Community\VC\Tools\MSVC\14.21.27702\bin\HostX86\x86\nmake.exe"' : return code '0x2'
Stop.



